  Actor2D.cpp
  Actor3D.cpp
  ActorBase.cpp
  ActorManager.cpp
  Enemy.cpp
  Player.cpp
d:\team10_2018\oikakecpppractice\oikakecpppractice\src\actor\player\player.cpp(26): warning C4244: '引数': 'int' から 'float' への変換です。データが失われる可能性があります。
  Score.cpp
  TimerUI.cpp
  FPS.cpp
d:\team10_2018\oikakecpppractice\oikakecpppractice\src\application\fps\fps.cpp(7): warning C4244: '初期化中': 'const float' から 'const int' への変換です。データが失われる可能性があります。
d:\team10_2018\oikakecpppractice\oikakecpppractice\src\application\fps\fps.cpp(49): warning C4244: '初期化中': 'float' から 'int' への変換です。データが失われる可能性があります。
  GameApplication.cpp
  GameFrame.cpp
  LoadData.cpp
  Window.cpp
  Collision.cpp
  Box.cpp
  Circle.cpp
  ShapeBase2D.cpp
  ShapeBase.cpp
  Input.cpp
  KeyBoard.cpp
  コードを生成中...
  コンパイル中...
  main.cpp
  Bezier.cpp
  Convert.cpp
  Math.cpp
  Matrix4.cpp
  Quaternion.cpp
  Vector2.cpp
  Vector3.cpp
  Renderer.cpp
d:\team10_2018\oikakecpppractice\oikakecpppractice\src\renderer\renderer.cpp(41): warning C4244: '引数': 'float' から 'int' への変換です。データが失われる可能性があります。
d:\team10_2018\oikakecpppractice\oikakecpppractice\src\renderer\renderer.cpp(44): warning C4244: '引数': 'const float' から 'int' への変換です。データが失われる可能性があります。
d:\team10_2018\oikakecpppractice\oikakecpppractice\src\renderer\renderer.cpp(43): warning C4244: '引数': 'const float' から 'int' への変換です。データが失われる可能性があります。
d:\team10_2018\oikakecpppractice\oikakecpppractice\src\renderer\renderer.cpp(51): warning C4244: '引数': 'float' から 'int' への変換です。データが失われる可能性があります。
d:\team10_2018\oikakecpppractice\oikakecpppractice\src\renderer\renderer.cpp(57): warning C4244: '引数': 'float' から 'int' への変換です。データが失われる可能性があります。
d:\team10_2018\oikakecpppractice\oikakecpppractice\src\renderer\renderer.cpp(61): warning C4244: '引数': 'const float' から 'int' への変換です。データが失われる可能性があります。
d:\team10_2018\oikakecpppractice\oikakecpppractice\src\renderer\renderer.cpp(60): warning C4244: '引数': 'const float' から 'int' への変換です。データが失われる可能性があります。
d:\team10_2018\oikakecpppractice\oikakecpppractice\src\renderer\renderer.cpp(59): warning C4244: '引数': 'const float' から 'int' への変換です。データが失われる可能性があります。
d:\team10_2018\oikakecpppractice\oikakecpppractice\src\renderer\renderer.cpp(66): warning C4244: '引数': 'float' から 'int' への変換です。データが失われる可能性があります。
d:\team10_2018\oikakecpppractice\oikakecpppractice\src\renderer\renderer.cpp(90): warning C4244: '引数': 'int' から 'float' への変換です。データが失われる可能性があります。
  SceneManager.cpp
  SceneNull.cpp
  FadeManager.cpp
  GameMain.cpp
c:\program files (x86)\microsoft visual studio\2017\professional\vc\tools\msvc\14.13.26128\include\memory(1858): warning C4244: '引数': 'int' から 'float' への変換です。データが失われる可能性があります。
  c:\program files (x86)\microsoft visual studio\2017\professional\vc\tools\msvc\14.13.26128\include\memory(1922): note: コンパイル対象の関数 テンプレート インスタンス化 'std::_Ref_count_obj<_Ty>::_Ref_count_obj<World*,int>(World *&&,int &&)' のリファレンスを確認してください
          with
          [
              _Ty=TimerUI
          ]
  c:\program files (x86)\microsoft visual studio\2017\professional\vc\tools\msvc\14.13.26128\include\memory(1923): note: コンパイル対象の関数 テンプレート インスタンス化 'std::_Ref_count_obj<_Ty>::_Ref_count_obj<World*,int>(World *&&,int &&)' のリファレンスを確認してください
          with
          [
              _Ty=TimerUI
          ]
  d:\team10_2018\oikakecpppractice\oikakecpppractice\src\scenes\gamemain\gamemain.cpp(42): note: コンパイル対象の関数 テンプレート インスタンス化 'std::shared_ptr<TimerUI> std::make_shared<TimerUI,World*,int>(World *&&,int &&)' のリファレンスを確認してください
  Result.cpp
  Title.cpp
  Color.cpp
  CSVLoader.cpp
d:\team10_2018\oikakecpppractice\oikakecpppractice\src\utility\csvloader\csvloader.cpp(26): warning C4267: 'return': 'size_t' から 'int' に変換しました。データが失われているかもしれません。
d:\team10_2018\oikakecpppractice\oikakecpppractice\src\utility\csvloader\csvloader.cpp(31): warning C4267: 'return': 'size_t' から 'int' に変換しました。データが失われているかもしれません。
  Random.cpp
  Timer.cpp
  Utility.cpp
  コードを生成中...
  コンパイル中...
  World.cpp
  コードを生成中...
  OikakeCppPractice.vcxproj -> D:\team10_2018\OikakeCppPractice\x64\Debug\OikakeCppPractice.exe
